0 info it worked if it ends with ok
1 verbose cli [ '/usr/local/bin/node', '/usr/local/bin/npm', 'publish' ]
2 info using npm@1.1.65
3 info using node@v0.8.14
4 verbose publish [ '.' ]
5 verbose read json /home/tuer2.0/package.json
6 verbose cache add [ '.', null ]
7 silly cache add name=undefined spec="." args=[".",null]
8 verbose parsed url { pathname: '.', path: '.', href: '.' }
9 silly lockFile 3a52ce78- .
10 verbose lock . /root/.npm/3a52ce78-.lock
11 verbose read json package.json
12 verbose tar pack [ '/root/tmp/npm-11180/1353855354101-0.20391498506069183/tmp.tgz',
12 verbose tar pack   '.' ]
13 verbose tarball /root/tmp/npm-11180/1353855354101-0.20391498506069183/tmp.tgz
14 verbose folder .
15 info prepublish tuer@0.3.0
16 silly lockFile 0f47ac23-4101-0-20391498506069183-tmp-tgz /root/tmp/npm-11180/1353855354101-0.20391498506069183/tmp.tgz
17 verbose lock /root/tmp/npm-11180/1353855354101-0.20391498506069183/tmp.tgz /root/.npm/0f47ac23-4101-0-20391498506069183-tmp-tgz.lock
18 silly lockFile 0f47ac23-4101-0-20391498506069183-tmp-tgz /root/tmp/npm-11180/1353855354101-0.20391498506069183/tmp.tgz
19 verbose tar unpack /root/tmp/npm-11180/1353855354101-0.20391498506069183/tmp.tgz
20 silly lockFile 49046c9f-4101-0-20391498506069183-package /root/tmp/npm-11180/1353855354101-0.20391498506069183/package
21 verbose lock /root/tmp/npm-11180/1353855354101-0.20391498506069183/package /root/.npm/49046c9f-4101-0-20391498506069183-package.lock
22 silly gunzTarPerm modes [ '755', '644' ]
23 silly gunzTarPerm extractEntry package.json
24 silly gunzTarPerm extractEntry .npmignore
25 silly gunzTarPerm extractEntry README.md
26 silly gunzTarPerm extractEntry LICENSE
27 silly gunzTarPerm extractEntry checkService.js
28 silly gunzTarPerm extractEntry routes.js
29 silly gunzTarPerm extractEntry app.js
30 silly gunzTarPerm extractEntry wapRoutes.js
31 silly gunzTarPerm extractEntry index.js
32 silly gunzTarPerm extractEntry views/wap/common/layout.jade
33 silly gunzTarPerm extractEntry views/wap/common/footer.jade
34 silly gunzTarPerm extractEntry views/wap/common/404.jade
35 silly gunzTarPerm extractEntry views/wap/common/topbar.jade
36 silly gunzTarPerm extractEntry views/wap/common/500.jade
37 silly gunzTarPerm extractEntry views/wap/common/header.jade
38 silly gunzTarPerm extractEntry views/wap/diary/write.jade
39 silly gunzTarPerm extractEntry views/wap/diary/diaries.jade
40 silly gunzTarPerm extractEntry views/wap/diary/detail.jade
41 silly gunzTarPerm extractEntry views/wap/user/profile.jade
42 silly gunzTarPerm extractEntry views/wap/user/diarylist.jade
43 silly gunzTarPerm extractEntry views/wap/index.jade
44 silly gunzTarPerm extractEntry views/wap/login/register.jade
45 silly gunzTarPerm extractEntry views/wap/login/invite.jade
46 silly gunzTarPerm extractEntry views/wap/set/pwd.jade
47 silly gunzTarPerm extractEntry views/wap/set/set.jade
48 silly gunzTarPerm extractEntry views/common/layout.jade
49 silly gunzTarPerm extractEntry views/common/footer.jade
50 silly gunzTarPerm extractEntry views/common/topbar.jade
51 silly gunzTarPerm extractEntry views/custom/help.jade
52 silly gunzTarPerm extractEntry views/custom/404.jade
53 silly gunzTarPerm extractEntry views/custom/about.jade
54 silly gunzTarPerm extractEntry views/custom/log.jade
55 silly gunzTarPerm extractEntry views/custom/500.jade
56 silly gunzTarPerm extractEntry views/search/search.jade
57 silly gunzTarPerm extractEntry views/diary/write.jade
58 silly gunzTarPerm extractEntry views/diary/diaries.jade
59 silly gunzTarPerm extractEntry views/diary/diarydetail.jade
60 silly gunzTarPerm extractEntry views/user/profile.jade
61 silly gunzTarPerm extractEntry views/user/userslist.jade
62 silly gunzTarPerm extractEntry views/package/smallLogin.jade
63 silly gunzTarPerm extractEntry views/package/monthHTML.jade
64 silly gunzTarPerm extractEntry views/package/lastfeed.jade
65 silly gunzTarPerm extractEntry views/index.jade
66 silly gunzTarPerm extractEntry views/todo/index.jade
67 silly gunzTarPerm extractEntry views/todo/detail.jade
68 silly gunzTarPerm extractEntry views/login/register.jade
69 silly gunzTarPerm extractEntry views/login/forgot.jade
70 silly gunzTarPerm extractEntry views/login/login.jade
71 silly gunzTarPerm extractEntry views/login/invite.jade
72 silly gunzTarPerm extractEntry views/notebook/notebooklist.jade
73 silly gunzTarPerm extractEntry views/notebook/notebook.jade
74 silly gunzTarPerm extractEntry views/api.jade
75 silly gunzTarPerm extractEntry views/set/setPwd.jade
76 silly gunzTarPerm extractEntry views/set/set.jade
77 silly gunzTarPerm extractEntry views/set/setAvatar.jade
78 silly gunzTarPerm extractEntry routes/forgot.js
79 silly gunzTarPerm extractEntry routes/log.js
80 silly gunzTarPerm extractEntry routes/help.js
81 silly gunzTarPerm extractEntry routes/guest.js
82 silly gunzTarPerm extractEntry routes/search.js
83 silly gunzTarPerm extractEntry routes/error.js
84 silly gunzTarPerm extractEntry routes/index.js
85 silly gunzTarPerm extractEntry routes/notebook.js
86 silly gunzTarPerm extractEntry routes/comment.js
87 silly gunzTarPerm extractEntry routes/mail.js
88 silly gunzTarPerm extractEntry routes/diary.js
89 silly gunzTarPerm extractEntry routes/todo.js
90 silly gunzTarPerm extractEntry routes/register.js
91 silly gunzTarPerm extractEntry routes/api.js
92 silly gunzTarPerm extractEntry routes/music.js
93 silly gunzTarPerm extractEntry routes/friend.js
94 silly gunzTarPerm extractEntry routes/about.js
95 silly gunzTarPerm extractEntry routes/set.js
96 silly gunzTarPerm extractEntry routes/login.js
97 silly gunzTarPerm extractEntry routes/tips.js
98 silly gunzTarPerm extractEntry routes/user.js
99 silly gunzTarPerm extractEntry routes/wap/error.js
100 silly gunzTarPerm extractEntry routes/wap/register.js
101 silly gunzTarPerm extractEntry routes/wap/diary.js
102 silly gunzTarPerm extractEntry routes/wap/login.js
103 silly gunzTarPerm extractEntry routes/wap/user.js
104 silly gunzTarPerm extractEntry routes/wap/index.js
105 silly gunzTarPerm extractEntry routes/wap/comment.js
106 silly gunzTarPerm extractEntry routes/wap/set.js
107 silly gunzTarPerm extractEntry help.sh
108 silly gunzTarPerm extractEntry public/.npmignore
109 silly gunzTarPerm extractEntry public/seajs/sea-debug.js
110 silly gunzTarPerm extractEntry public/seajs/sea.js
111 silly gunzTarPerm extractEntry public/images/150/.npmignore
112 silly gunzTarPerm extractEntry public/images/150/placeholder
113 silly gunzTarPerm extractEntry public/images/500/.npmignore
114 silly gunzTarPerm extractEntry public/images/500/placeholder
115 silly gunzTarPerm extractEntry public/images/300/.npmignore
116 silly gunzTarPerm extractEntry public/images/300/placeholder
117 silly gunzTarPerm extractEntry public/images/80/.npmignore
118 silly gunzTarPerm extractEntry public/images/80/placeholder
119 silly gunzTarPerm extractEntry public/favicon.ico
120 silly gunzTarPerm extractEntry public/bootstrap/img/glyphicons-halflings-white.png
121 silly gunzTarPerm extractEntry public/bootstrap/img/glyphicons-halflings.png
122 silly gunzTarPerm extractEntry public/bootstrap/js/bootstrap.min.js
123 silly gunzTarPerm extractEntry public/bootstrap/js/bootstrap.js
124 silly gunzTarPerm extractEntry public/bootstrap/css/bootstrap-responsive.css
125 silly gunzTarPerm extractEntry public/bootstrap/css/bootstrap.css
126 silly gunzTarPerm extractEntry public/bootstrap/css/bootstrap.min.css
127 silly gunzTarPerm extractEntry public/bootstrap/css/bootstrap.min.css.default
128 silly gunzTarPerm extractEntry public/bootstrap/css/bootstrap-responsive.min.css
129 silly gunzTarPerm extractEntry public/libs/imgforbase64/README.md
130 silly gunzTarPerm extractEntry public/libs/imgforbase64/swfobject.js
131 silly gunzTarPerm extractEntry public/libs/imgforbase64/imgforbase64.swf
132 silly gunzTarPerm extractEntry public/libs/imgforbase64/imgforbase64.as
133 silly gunzTarPerm extractEntry public/libs/imgforbase64/BitmapUtil.as
134 silly gunzTarPerm extractEntry public/libs/imgforbase64/test.html
135 silly gunzTarPerm extractEntry public/libs/Jcrop/README.md
136 silly gunzTarPerm extractEntry public/libs/Jcrop/demos/crop.php
137 silly gunzTarPerm extractEntry public/libs/Jcrop/demos/non-image.html
138 silly gunzTarPerm extractEntry public/libs/Jcrop/demos/tutorial4.html
139 silly gunzTarPerm extractEntry public/libs/Jcrop/demos/tutorial2.html
140 silly gunzTarPerm extractEntry public/libs/Jcrop/demos/demo_files/pool.jpg
141 silly gunzTarPerm extractEntry public/libs/Jcrop/demos/demo_files/demos.css
142 silly gunzTarPerm extractEntry public/libs/Jcrop/demos/demo_files/sagomod.jpg
143 silly gunzTarPerm extractEntry public/libs/Jcrop/demos/demo_files/sagomod.png
144 silly gunzTarPerm extractEntry public/libs/Jcrop/demos/demo_files/sago.jpg
145 silly gunzTarPerm extractEntry public/libs/Jcrop/demos/styling.html
146 silly gunzTarPerm extractEntry public/libs/Jcrop/demos/tutorial1.html
147 silly gunzTarPerm extractEntry public/libs/Jcrop/demos/tutorial3.html
148 silly gunzTarPerm extractEntry public/libs/Jcrop/demos/tutorial5.html
149 silly gunzTarPerm extractEntry public/libs/Jcrop/demos/jquery-ui.html
150 silly gunzTarPerm extractEntry public/libs/Jcrop/.gitattributes
151 silly gunzTarPerm extractEntry public/libs/Jcrop/js/jquery.color.js
152 silly gunzTarPerm extractEntry public/libs/Jcrop/js/jquery.Jcrop.min.js
153 silly gunzTarPerm extractEntry public/libs/Jcrop/js/jquery.Jcrop.js
154 silly gunzTarPerm extractEntry public/libs/Jcrop/js/jquery.min.js
155 silly gunzTarPerm extractEntry public/libs/Jcrop/MIT-LICENSE.txt
156 silly gunzTarPerm extractEntry public/libs/Jcrop/build/README
157 silly gunzTarPerm extractEntry public/libs/Jcrop/build/LICENSE
158 silly gunzTarPerm extractEntry public/libs/Jcrop/build/minimize-js.bash
159 silly gunzTarPerm extractEntry public/libs/Jcrop/build/pre-commit.bash
160 silly gunzTarPerm extractEntry public/libs/Jcrop/build/minimize-css.bash
161 silly gunzTarPerm extractEntry public/libs/Jcrop/index.html
162 silly gunzTarPerm extractEntry public/libs/Jcrop/css/Jcrop.gif
163 silly gunzTarPerm extractEntry public/libs/Jcrop/css/jquery.Jcrop.min.css
164 silly gunzTarPerm extractEntry public/libs/Jcrop/css/jquery.Jcrop.css
165 silly gunzTarPerm extractEntry public/libs/colorpicker/images/colorpicker_hsb_s.png
166 silly gunzTarPerm extractEntry public/libs/colorpicker/images/custom_hsb_b.png
167 silly gunzTarPerm extractEntry public/libs/colorpicker/images/slider.png
168 silly gunzTarPerm extractEntry public/libs/colorpicker/images/custom_hsb_h.png
169 silly gunzTarPerm extractEntry public/libs/colorpicker/images/custom_hsb_s.png
170 silly gunzTarPerm extractEntry public/libs/colorpicker/images/custom_rgb_r.png
171 silly gunzTarPerm extractEntry public/libs/colorpicker/images/colorpicker_indic.gif
172 silly gunzTarPerm extractEntry public/libs/colorpicker/images/colorpicker_overlay.png
173 silly gunzTarPerm extractEntry public/libs/colorpicker/images/colorpicker_hsb_b.png
174 silly gunzTarPerm extractEntry public/libs/colorpicker/images/custom_background.png
175 silly gunzTarPerm extractEntry public/libs/colorpicker/images/colorpicker_hsb_h.png
176 silly gunzTarPerm extractEntry public/libs/colorpicker/images/colorpicker_background.png
177 silly gunzTarPerm extractEntry public/libs/colorpicker/images/custom_rgb_b.png
178 silly gunzTarPerm extractEntry public/libs/colorpicker/images/colorpicker_hex.png
179 silly gunzTarPerm extractEntry public/libs/colorpicker/images/colorpicker_submit.png
180 silly gunzTarPerm extractEntry public/libs/colorpicker/images/colorpicker_rgb_b.png
181 silly gunzTarPerm extractEntry public/libs/colorpicker/images/select2.png
182 silly gunzTarPerm extractEntry public/libs/colorpicker/images/blank.gif
183 silly gunzTarPerm extractEntry public/libs/colorpicker/images/colorpicker_rgb_r.png
184 silly gunzTarPerm extractEntry public/libs/colorpicker/images/custom_indic.gif
185 silly gunzTarPerm extractEntry public/libs/colorpicker/images/colorpicker_rgb_g.png
186 silly gunzTarPerm extractEntry public/libs/colorpicker/images/select.png
187 silly gunzTarPerm extractEntry public/libs/colorpicker/images/colorpicker_select.gif
188 silly gunzTarPerm extractEntry public/libs/colorpicker/images/custom_hex.png
189 silly gunzTarPerm extractEntry public/libs/colorpicker/images/custom_rgb_g.png
190 silly gunzTarPerm extractEntry public/libs/colorpicker/images/custom_submit.png
191 silly gunzTarPerm extractEntry public/libs/colorpicker/js/utils.js
192 silly gunzTarPerm extractEntry public/libs/colorpicker/js/eye.js
193 silly gunzTarPerm extractEntry public/libs/colorpicker/js/jquery.js
194 silly gunzTarPerm extractEntry public/libs/colorpicker/js/layout.js
195 silly gunzTarPerm extractEntry public/libs/colorpicker/js/colorpicker.js
196 silly gunzTarPerm extractEntry public/libs/colorpicker/index.html
197 silly gunzTarPerm extractEntry public/libs/colorpicker/css/colorpicker.css
198 silly gunzTarPerm extractEntry public/libs/colorpicker/css/layout.css
199 silly gunzTarPerm extractEntry public/libs/mods/login.js
200 silly gunzTarPerm extractEntry public/libs/mods/reg.js
201 silly gunzTarPerm extractEntry public/libs/mods/index.js
202 silly gunzTarPerm extractEntry public/libs/mods/notebook.js
203 silly gunzTarPerm extractEntry public/libs/mods/common.js
204 silly gunzTarPerm extractEntry public/libs/mods/avatar.js
205 silly gunzTarPerm extractEntry public/libs/mods/diarydetail.js
206 silly gunzTarPerm extractEntry public/libs/mods/upload.js
207 silly gunzTarPerm extractEntry public/libs/mods/set.js
208 silly gunzTarPerm extractEntry public/style/image/postal.jpg
209 silly gunzTarPerm extractEntry public/style/image/alipay_btn.png
210 silly gunzTarPerm extractEntry public/style/css/m.css
211 silly gunzTarPerm extractEntry public/style/css/common.css
212 silly gunzTarPerm extractEntry public/jquery/jquery-1.7.2.min.js
213 silly gunzTarPerm extractEntry public/jquery/jquery-1.7.2.js
214 silly gunzTarPerm extractEntry tuer
215 silly gunzTarPerm extractEntry lib/base64.js
216 silly gunzTarPerm extractEntry lib/avatar.js
217 silly gunzTarPerm extractEntry lib/mail.js
218 silly gunzTarPerm extractEntry lib/pag.js
219 silly gunzTarPerm extractEntry lib/util.js
220 silly gunzTarPerm extractEntry lib/RGBcolor.js
221 silly gunzTarPerm extractEntry lib/config.js
222 silly gunzTarPerm extractEntry lib/baiduZm.js
223 silly gunzTarPerm extractEntry model/base.js
224 silly gunzTarPerm extractEntry model/init.js
225 verbose read json /root/tmp/npm-11180/1353855354101-0.20391498506069183/package/package.json
226 silly lockFile 49046c9f-4101-0-20391498506069183-package /root/tmp/npm-11180/1353855354101-0.20391498506069183/package
227 verbose from cache /root/tmp/npm-11180/1353855354101-0.20391498506069183/package/package.json
228 verbose tar pack [ '/root/.npm/tuer/0.3.0/package.tgz',
228 verbose tar pack   '/root/tmp/npm-11180/1353855354101-0.20391498506069183/package' ]
229 verbose tarball /root/.npm/tuer/0.3.0/package.tgz
230 verbose folder /root/tmp/npm-11180/1353855354101-0.20391498506069183/package
231 silly lockFile 6d54c518-root-npm-tuer-0-3-0-package-tgz /root/.npm/tuer/0.3.0/package.tgz
232 verbose lock /root/.npm/tuer/0.3.0/package.tgz /root/.npm/6d54c518-root-npm-tuer-0-3-0-package-tgz.lock
233 silly lockFile 6d54c518-root-npm-tuer-0-3-0-package-tgz /root/.npm/tuer/0.3.0/package.tgz
234 silly lockFile 1e6fa426-root-npm-tuer-0-3-0-package /root/.npm/tuer/0.3.0/package
235 verbose lock /root/.npm/tuer/0.3.0/package /root/.npm/1e6fa426-root-npm-tuer-0-3-0-package.lock
236 silly lockFile 1e6fa426-root-npm-tuer-0-3-0-package /root/.npm/tuer/0.3.0/package
237 verbose tar unpack /root/.npm/tuer/0.3.0/package.tgz
238 silly lockFile 1e6fa426-root-npm-tuer-0-3-0-package /root/.npm/tuer/0.3.0/package
239 verbose lock /root/.npm/tuer/0.3.0/package /root/.npm/1e6fa426-root-npm-tuer-0-3-0-package.lock
240 silly gunzTarPerm modes [ '755', '644' ]
241 silly gunzTarPerm extractEntry package.json
242 silly gunzTarPerm extractEntry .npmignore
243 silly gunzTarPerm extractEntry README.md
244 silly gunzTarPerm extractEntry LICENSE
245 silly gunzTarPerm extractEntry checkService.js
246 silly gunzTarPerm extractEntry routes.js
247 silly gunzTarPerm extractEntry app.js
248 silly gunzTarPerm extractEntry wapRoutes.js
249 silly gunzTarPerm extractEntry index.js
250 silly gunzTarPerm extractEntry routes/forgot.js
251 silly gunzTarPerm extractEntry routes/log.js
252 silly gunzTarPerm extractEntry routes/help.js
253 silly gunzTarPerm extractEntry routes/guest.js
254 silly gunzTarPerm extractEntry routes/search.js
255 silly gunzTarPerm extractEntry routes/error.js
256 silly gunzTarPerm extractEntry routes/index.js
257 silly gunzTarPerm extractEntry routes/notebook.js
258 silly gunzTarPerm extractEntry routes/comment.js
259 silly gunzTarPerm extractEntry routes/mail.js
260 silly gunzTarPerm extractEntry routes/diary.js
261 silly gunzTarPerm extractEntry routes/todo.js
262 silly gunzTarPerm extractEntry routes/register.js
263 silly gunzTarPerm extractEntry routes/api.js
264 silly gunzTarPerm extractEntry routes/music.js
265 silly gunzTarPerm extractEntry routes/friend.js
266 silly gunzTarPerm extractEntry routes/about.js
267 silly gunzTarPerm extractEntry routes/set.js
268 silly gunzTarPerm extractEntry routes/login.js
269 silly gunzTarPerm extractEntry routes/tips.js
270 silly gunzTarPerm extractEntry routes/user.js
271 silly gunzTarPerm extractEntry routes/wap/error.js
272 silly gunzTarPerm extractEntry routes/wap/register.js
273 silly gunzTarPerm extractEntry routes/wap/diary.js
274 silly gunzTarPerm extractEntry routes/wap/login.js
275 silly gunzTarPerm extractEntry routes/wap/user.js
276 silly gunzTarPerm extractEntry routes/wap/index.js
277 silly gunzTarPerm extractEntry routes/wap/comment.js
278 silly gunzTarPerm extractEntry routes/wap/set.js
279 silly gunzTarPerm extractEntry help.sh
280 silly gunzTarPerm extractEntry tuer
281 silly gunzTarPerm extractEntry model/base.js
282 silly gunzTarPerm extractEntry model/init.js
283 silly gunzTarPerm extractEntry lib/base64.js
284 silly gunzTarPerm extractEntry lib/avatar.js
285 silly gunzTarPerm extractEntry lib/mail.js
286 silly gunzTarPerm extractEntry lib/pag.js
287 silly gunzTarPerm extractEntry lib/util.js
288 silly gunzTarPerm extractEntry lib/RGBcolor.js
289 silly gunzTarPerm extractEntry lib/config.js
290 silly gunzTarPerm extractEntry lib/baiduZm.js
291 silly gunzTarPerm extractEntry views/wap/common/layout.jade
292 silly gunzTarPerm extractEntry views/wap/common/footer.jade
293 silly gunzTarPerm extractEntry views/wap/common/404.jade
294 silly gunzTarPerm extractEntry views/wap/common/topbar.jade
295 silly gunzTarPerm extractEntry views/wap/common/500.jade
296 silly gunzTarPerm extractEntry views/wap/common/header.jade
297 silly gunzTarPerm extractEntry views/wap/diary/write.jade
298 silly gunzTarPerm extractEntry views/wap/diary/diaries.jade
299 silly gunzTarPerm extractEntry views/wap/diary/detail.jade
300 silly gunzTarPerm extractEntry views/wap/user/profile.jade
301 silly gunzTarPerm extractEntry views/wap/user/diarylist.jade
302 silly gunzTarPerm extractEntry views/wap/index.jade
303 silly gunzTarPerm extractEntry views/wap/login/register.jade
304 silly gunzTarPerm extractEntry views/wap/login/invite.jade
305 silly gunzTarPerm extractEntry views/wap/set/pwd.jade
306 silly gunzTarPerm extractEntry views/wap/set/set.jade
307 silly gunzTarPerm extractEntry views/common/layout.jade
308 silly gunzTarPerm extractEntry views/common/footer.jade
309 silly gunzTarPerm extractEntry views/common/topbar.jade
310 silly gunzTarPerm extractEntry views/custom/help.jade
311 silly gunzTarPerm extractEntry views/custom/404.jade
312 silly gunzTarPerm extractEntry views/custom/about.jade
313 silly gunzTarPerm extractEntry views/custom/log.jade
314 silly gunzTarPerm extractEntry views/custom/500.jade
315 silly gunzTarPerm extractEntry views/search/search.jade
316 silly gunzTarPerm extractEntry views/diary/write.jade
317 silly gunzTarPerm extractEntry views/diary/diaries.jade
318 silly gunzTarPerm extractEntry views/diary/diarydetail.jade
319 silly gunzTarPerm extractEntry views/user/profile.jade
320 silly gunzTarPerm extractEntry views/user/userslist.jade
321 silly gunzTarPerm extractEntry views/package/smallLogin.jade
322 silly gunzTarPerm extractEntry views/package/monthHTML.jade
323 silly gunzTarPerm extractEntry views/package/lastfeed.jade
324 silly gunzTarPerm extractEntry views/index.jade
325 silly gunzTarPerm extractEntry views/todo/index.jade
326 silly gunzTarPerm extractEntry views/todo/detail.jade
327 silly gunzTarPerm extractEntry views/login/register.jade
328 silly gunzTarPerm extractEntry views/login/forgot.jade
329 silly gunzTarPerm extractEntry views/login/login.jade
330 silly gunzTarPerm extractEntry views/login/invite.jade
331 silly gunzTarPerm extractEntry views/notebook/notebooklist.jade
332 silly gunzTarPerm extractEntry views/notebook/notebook.jade
333 silly gunzTarPerm extractEntry views/api.jade
334 silly gunzTarPerm extractEntry views/set/setPwd.jade
335 silly gunzTarPerm extractEntry views/set/set.jade
336 silly gunzTarPerm extractEntry views/set/setAvatar.jade
337 silly gunzTarPerm extractEntry public/.npmignore
338 silly gunzTarPerm extractEntry public/seajs/sea-debug.js
339 silly gunzTarPerm extractEntry public/seajs/sea.js
340 silly gunzTarPerm extractEntry public/images/150/placeholder
341 silly gunzTarPerm extractEntry public/images/500/placeholder
342 silly gunzTarPerm extractEntry public/images/300/placeholder
343 silly gunzTarPerm extractEntry public/images/80/placeholder
344 silly gunzTarPerm extractEntry public/favicon.ico
345 silly gunzTarPerm extractEntry public/bootstrap/img/glyphicons-halflings-white.png
346 silly gunzTarPerm extractEntry public/bootstrap/img/glyphicons-halflings.png
347 silly gunzTarPerm extractEntry public/bootstrap/js/bootstrap.min.js
348 silly gunzTarPerm extractEntry public/bootstrap/js/bootstrap.js
349 silly gunzTarPerm extractEntry public/bootstrap/css/bootstrap-responsive.css
350 silly gunzTarPerm extractEntry public/bootstrap/css/bootstrap.css
351 silly gunzTarPerm extractEntry public/bootstrap/css/bootstrap.min.css
352 silly gunzTarPerm extractEntry public/bootstrap/css/bootstrap.min.css.default
353 silly gunzTarPerm extractEntry public/bootstrap/css/bootstrap-responsive.min.css
354 silly gunzTarPerm extractEntry public/libs/imgforbase64/README.md
355 silly gunzTarPerm extractEntry public/libs/imgforbase64/swfobject.js
356 silly gunzTarPerm extractEntry public/libs/imgforbase64/imgforbase64.swf
357 silly gunzTarPerm extractEntry public/libs/imgforbase64/imgforbase64.as
358 silly gunzTarPerm extractEntry public/libs/imgforbase64/BitmapUtil.as
359 silly gunzTarPerm extractEntry public/libs/imgforbase64/test.html
360 silly gunzTarPerm extractEntry public/libs/Jcrop/README.md
361 silly gunzTarPerm extractEntry public/libs/Jcrop/demos/crop.php
362 silly gunzTarPerm extractEntry public/libs/Jcrop/demos/non-image.html
363 silly gunzTarPerm extractEntry public/libs/Jcrop/demos/tutorial4.html
364 silly gunzTarPerm extractEntry public/libs/Jcrop/demos/tutorial2.html
365 silly gunzTarPerm extractEntry public/libs/Jcrop/demos/demo_files/pool.jpg
366 silly gunzTarPerm extractEntry public/libs/Jcrop/demos/demo_files/demos.css
367 silly gunzTarPerm extractEntry public/libs/Jcrop/demos/demo_files/sagomod.jpg
368 silly gunzTarPerm extractEntry public/libs/Jcrop/demos/demo_files/sagomod.png
369 silly gunzTarPerm extractEntry public/libs/Jcrop/demos/demo_files/sago.jpg
370 silly gunzTarPerm extractEntry public/libs/Jcrop/demos/styling.html
371 silly gunzTarPerm extractEntry public/libs/Jcrop/demos/tutorial1.html
372 silly gunzTarPerm extractEntry public/libs/Jcrop/demos/tutorial3.html
373 silly gunzTarPerm extractEntry public/libs/Jcrop/demos/tutorial5.html
374 silly gunzTarPerm extractEntry public/libs/Jcrop/demos/jquery-ui.html
375 silly gunzTarPerm extractEntry public/libs/Jcrop/.gitattributes
376 silly gunzTarPerm extractEntry public/libs/Jcrop/js/jquery.color.js
377 silly gunzTarPerm extractEntry public/libs/Jcrop/js/jquery.Jcrop.min.js
378 silly gunzTarPerm extractEntry public/libs/Jcrop/js/jquery.Jcrop.js
379 silly gunzTarPerm extractEntry public/libs/Jcrop/js/jquery.min.js
380 silly gunzTarPerm extractEntry public/libs/Jcrop/MIT-LICENSE.txt
381 silly gunzTarPerm extractEntry public/libs/Jcrop/build/README
382 silly gunzTarPerm extractEntry public/libs/Jcrop/build/LICENSE
383 silly gunzTarPerm extractEntry public/libs/Jcrop/build/minimize-js.bash
384 silly gunzTarPerm extractEntry public/libs/Jcrop/build/pre-commit.bash
385 silly gunzTarPerm extractEntry public/libs/Jcrop/build/minimize-css.bash
386 silly gunzTarPerm extractEntry public/libs/Jcrop/index.html
387 silly gunzTarPerm extractEntry public/libs/Jcrop/css/Jcrop.gif
388 silly gunzTarPerm extractEntry public/libs/Jcrop/css/jquery.Jcrop.min.css
389 silly gunzTarPerm extractEntry public/libs/Jcrop/css/jquery.Jcrop.css
390 silly gunzTarPerm extractEntry public/libs/colorpicker/images/colorpicker_hsb_s.png
391 silly gunzTarPerm extractEntry public/libs/colorpicker/images/custom_hsb_b.png
392 silly gunzTarPerm extractEntry public/libs/colorpicker/images/slider.png
393 silly gunzTarPerm extractEntry public/libs/colorpicker/images/custom_hsb_h.png
394 silly gunzTarPerm extractEntry public/libs/colorpicker/images/custom_hsb_s.png
395 silly gunzTarPerm extractEntry public/libs/colorpicker/images/custom_rgb_r.png
396 silly gunzTarPerm extractEntry public/libs/colorpicker/images/colorpicker_indic.gif
397 silly gunzTarPerm extractEntry public/libs/colorpicker/images/colorpicker_overlay.png
398 silly gunzTarPerm extractEntry public/libs/colorpicker/images/colorpicker_hsb_b.png
399 silly gunzTarPerm extractEntry public/libs/colorpicker/images/custom_background.png
400 silly gunzTarPerm extractEntry public/libs/colorpicker/images/colorpicker_hsb_h.png
401 silly gunzTarPerm extractEntry public/libs/colorpicker/images/colorpicker_background.png
402 silly gunzTarPerm extractEntry public/libs/colorpicker/images/custom_rgb_b.png
403 silly gunzTarPerm extractEntry public/libs/colorpicker/images/colorpicker_hex.png
404 silly gunzTarPerm extractEntry public/libs/colorpicker/images/colorpicker_submit.png
405 silly gunzTarPerm extractEntry public/libs/colorpicker/images/colorpicker_rgb_b.png
406 silly gunzTarPerm extractEntry public/libs/colorpicker/images/select2.png
407 silly gunzTarPerm extractEntry public/libs/colorpicker/images/blank.gif
408 silly gunzTarPerm extractEntry public/libs/colorpicker/images/colorpicker_rgb_r.png
409 silly gunzTarPerm extractEntry public/libs/colorpicker/images/custom_indic.gif
410 silly gunzTarPerm extractEntry public/libs/colorpicker/images/colorpicker_rgb_g.png
411 silly gunzTarPerm extractEntry public/libs/colorpicker/images/select.png
412 silly gunzTarPerm extractEntry public/libs/colorpicker/images/colorpicker_select.gif
413 silly gunzTarPerm extractEntry public/libs/colorpicker/images/custom_hex.png
414 silly gunzTarPerm extractEntry public/libs/colorpicker/images/custom_rgb_g.png
415 silly gunzTarPerm extractEntry public/libs/colorpicker/images/custom_submit.png
416 silly gunzTarPerm extractEntry public/libs/colorpicker/js/utils.js
417 silly gunzTarPerm extractEntry public/libs/colorpicker/js/eye.js
418 silly gunzTarPerm extractEntry public/libs/colorpicker/js/jquery.js
419 silly gunzTarPerm extractEntry public/libs/colorpicker/js/layout.js
420 silly gunzTarPerm extractEntry public/libs/colorpicker/js/colorpicker.js
421 silly gunzTarPerm extractEntry public/libs/colorpicker/index.html
422 silly gunzTarPerm extractEntry public/libs/colorpicker/css/colorpicker.css
423 silly gunzTarPerm extractEntry public/libs/colorpicker/css/layout.css
424 silly gunzTarPerm extractEntry public/libs/mods/login.js
425 silly gunzTarPerm extractEntry public/libs/mods/reg.js
426 silly gunzTarPerm extractEntry public/libs/mods/index.js
427 silly gunzTarPerm extractEntry public/libs/mods/notebook.js
428 silly gunzTarPerm extractEntry public/libs/mods/common.js
429 silly gunzTarPerm extractEntry public/libs/mods/avatar.js
430 silly gunzTarPerm extractEntry public/libs/mods/diarydetail.js
431 silly gunzTarPerm extractEntry public/libs/mods/upload.js
432 silly gunzTarPerm extractEntry public/libs/mods/set.js
433 silly gunzTarPerm extractEntry public/style/image/postal.jpg
434 silly gunzTarPerm extractEntry public/style/image/alipay_btn.png
435 silly gunzTarPerm extractEntry public/style/css/m.css
436 silly gunzTarPerm extractEntry public/style/css/common.css
437 silly gunzTarPerm extractEntry public/jquery/jquery-1.7.2.min.js
438 silly gunzTarPerm extractEntry public/jquery/jquery-1.7.2.js
439 verbose read json /root/.npm/tuer/0.3.0/package/package.json
440 silly lockFile 1e6fa426-root-npm-tuer-0-3-0-package /root/.npm/tuer/0.3.0/package
441 silly shasum updated bytes 40960
442 silly shasum updated bytes 40960
443 silly shasum updated bytes 40960
444 silly shasum updated bytes 40960
445 silly shasum updated bytes 40960
446 silly shasum updated bytes 40960
447 silly shasum updated bytes 40960
448 silly shasum updated bytes 40960
449 silly shasum updated bytes 40960
450 silly shasum updated bytes 40960
451 silly shasum updated bytes 40960
452 silly shasum updated bytes 40960
453 silly shasum updated bytes 40960
454 silly shasum updated bytes 40960
455 silly shasum updated bytes 40960
456 silly shasum updated bytes 40960
457 silly shasum updated bytes 7199
458 info shasum 7716c64c63ea79960b2015a1f98ea738116290c9
458 info shasum /root/.npm/tuer/0.3.0/package.tgz
459 verbose from cache /root/.npm/tuer/0.3.0/package/package.json
460 verbose chmod /root/.npm/tuer/0.3.0/package.tgz 644
461 verbose chown /root/.npm/tuer/0.3.0/package.tgz [ 0, 0 ]
462 silly lockFile 3a52ce78- .
463 silly publish { name: 'tuer',
463 silly publish   version: '0.3.0',
463 silly publish   author: { name: 'xiaojue' },
463 silly publish   keywords: [ 'cms', 'diray web site', 'express site' ],
463 silly publish   dependencies:
463 silly publish    { express: '2.5.8',
463 silly publish      jade: '>= 0.0.1',
463 silly publish      eventproxy: '0.1.2',
463 silly publish      'node-dev': '>=0.2.2',
463 silly publish      mongodb: '1.1.4',
463 silly publish      canvas: '0.12.1',
463 silly publish      rss: '0.0.3',
463 silly publish      imagemagick: '0.1.2',
463 silly publish      'connect-redis': '1.3.0',
463 silly publish      calendar: '0.1.0',
463 silly publish      nodemailer: '0.3.12',
463 silly publish      xml2js: '0.2.0',
463 silly publish      ga: '0.0.2',
463 silly publish      punycode: '1.2.0' },
463 silly publish   scripts: { test: 'node ./checkService.js', start: 'node ./index.js' },
463 silly publish   contributors: [ { name: 'xiaojue' }, { name: 'JokerQyou' } ],
463 silly publish   homepage: 'http://www.tuer.me',
463 silly publish   description: 'tuer.me,a diary web site',
463 silly publish   main: 'app.js',
463 silly publish   engines: { node: '>=0.8' },
463 silly publish   license: 'BSD',
463 silly publish   readme: '# tuer.me\n  \n## 安装说明：\n\n  * 建议在linux下开发，windows和mac os都没测过。。npm搞不定，建议使用git clone直接下载源码再npm install -d 也可以.\n  \n  * npm安装tuer之前，严重建议先自己把以下几个模块搞定node-canvas,ImageMagick,SendMail自行搞定。可以自己找个空目录npm安装下试试，官方有文档在不同系统下的配置wiki.\n\n  * npm安装 npm install tuer\n\n  * 安装好后，进入tuer目录，npm test 查看环境变量和wiki地址帮助说明.\n\n  * 根据test提示，进行本地环境配置，网站的所有配置信息都在./lib/config.js 里，端口以及host请自行修改.\n\n  * 初始化mongodb数据 命令为: mongo host:port/dbname ./model/init.js 执行命令进行数据库初始化,其中host，port，dbname都要和config.js里的匹配.\n\n  * npm start 就可以直接运行tuer网站.\n\n  * 数据库开始为空，注册需要依赖本地的sendMail，如果本机不安装sendMail，则注册，找回密码，删回复等功能会报错,默认会有一个测试账户，在./model/init.js中被添加 用户名admintest@tuer.me 密码1234qwer\n\n## 调用方法\n\n````js\n  //参见目录下的index.js\n  var tuer = require(\'tuer\'),\n  tuer.start({\n    port:3000,\n    mport:3030,\n    cookiepath:\'tuer.me\',\n    host:\'www.tuer.me\',\n    jshost:\'js.tuer.me\',\n    csshost:\'css.tuer.me\',\n    imagehost:\'assest.tuer.me\',\n    dbname:\'node-mongo-tuer\',\n    dbhost:\'127.0.0.1\',\n    dbport:10001,\n    mhost:\'m.tuer.me\'\n  });\n````\n# License\n\n  tuer.me 使用BSD license, LICENSE中为协议正文内容.\n',
463 silly publish   readmeFilename: 'README.md',
463 silly publish   _id: 'tuer@0.3.0',
463 silly publish   dist: { shasum: '7716c64c63ea79960b2015a1f98ea738116290c9' } }
464 error need auth auth and email required for publishing
464 error need auth You need to authorize this machine using `npm adduser`
465 error System Linux 2.6.32-042stab044.11
466 error command "/usr/local/bin/node" "/usr/local/bin/npm" "publish"
467 error cwd /home/tuer2.0
468 error node -v v0.8.14
469 error npm -v 1.1.65
470 error code ENEEDAUTH
471 verbose exit [ 1, true ]
